\BOOKMARK [0][-]{chapter.1}{\376\377\0001\000\040\000D\000a\000t\000a\000\040\000S\000t\000r\000u\000c\000t\000u\000r\000e\000\040\000I\000n\000d\000e\000x}{}% 1
\BOOKMARK [1][-]{section.1.1}{\376\377\0001\000.\0001\000\040\000D\000a\000t\000a\000\040\000S\000t\000r\000u\000c\000t\000u\000r\000e\000s}{chapter.1}% 2
\BOOKMARK [0][-]{chapter.2}{\376\377\0002\000\040\000D\000a\000t\000a\000\040\000S\000t\000r\000u\000c\000t\000u\000r\000e\000\040\000D\000o\000c\000u\000m\000e\000n\000t\000a\000t\000i\000o\000n}{}% 3
\BOOKMARK [1][-]{section.2.1}{\376\377\0002\000.\0001\000\040\000e\000r\000r\000o\000r\000\137\000t\000\040\000S\000t\000r\000u\000c\000t\000\040\000R\000e\000f\000e\000r\000e\000n\000c\000e}{chapter.2}% 4
\BOOKMARK [1][-]{section.2.2}{\376\377\0002\000.\0002\000\040\000g\000s\000l\000\137\000r\000a\000n\000\137\000d\000i\000s\000c\000r\000e\000t\000e\000\137\000t\000\040\000S\000t\000r\000u\000c\000t\000\040\000R\000e\000f\000e\000r\000e\000n\000c\000e}{chapter.2}% 5
\BOOKMARK [1][-]{section.2.3}{\376\377\0002\000.\0003\000\040\000p\000c\000g\0003\0002\000\137\000r\000a\000n\000d\000o\000m\000\137\000t\000\040\000S\000t\000r\000u\000c\000t\000\040\000R\000e\000f\000e\000r\000e\000n\000c\000e}{chapter.2}% 6
\BOOKMARK [1][-]{section.2.4}{\376\377\0002\000.\0004\000\040\000T\000\137\000F\000o\000r\000m\000a\000t\000S\000p\000e\000c\000\040\000S\000t\000r\000u\000c\000t\000\040\000R\000e\000f\000e\000r\000e\000n\000c\000e}{chapter.2}% 7
\BOOKMARK [2][-]{subsection.2.4.1}{\376\377\0002\000.\0004\000.\0001\000\040\000D\000e\000t\000a\000i\000l\000e\000d\000\040\000D\000e\000s\000c\000r\000i\000p\000t\000i\000o\000n}{section.2.4}% 8
\BOOKMARK [2][-]{subsection.2.4.2}{\376\377\0002\000.\0004\000.\0002\000\040\000F\000i\000e\000l\000d\000\040\000D\000o\000c\000u\000m\000e\000n\000t\000a\000t\000i\000o\000n}{section.2.4}% 9
\BOOKMARK [3][-]{subsubsection.2.4.2.1}{\376\377\0002\000.\0004\000.\0002\000.\0001\000\040\000b\000a\000s\000e}{subsection.2.4.2}% 10
\BOOKMARK [3][-]{subsubsection.2.4.2.2}{\376\377\0002\000.\0004\000.\0002\000.\0002\000\040\000f\000l\000a\000g\000s}{subsection.2.4.2}% 11
\BOOKMARK [3][-]{subsubsection.2.4.2.3}{\376\377\0002\000.\0004\000.\0002\000.\0003\000\040\000l\000e\000n}{subsection.2.4.2}% 12
\BOOKMARK [3][-]{subsubsection.2.4.2.4}{\376\377\0002\000.\0004\000.\0002\000.\0004\000\040\000n\000C\000h\000a\000r\000s}{subsection.2.4.2}% 13
\BOOKMARK [3][-]{subsubsection.2.4.2.5}{\376\377\0002\000.\0004\000.\0002\000.\0005\000\040\000p\000r\000e\000c}{subsection.2.4.2}% 14
\BOOKMARK [3][-]{subsubsection.2.4.2.6}{\376\377\0002\000.\0004\000.\0002\000.\0006\000\040\000p\000t\000r}{subsection.2.4.2}% 15
\BOOKMARK [3][-]{subsubsection.2.4.2.7}{\376\377\0002\000.\0004\000.\0002\000.\0007\000\040\000q\000u\000a\000l}{subsection.2.4.2}% 16
\BOOKMARK [3][-]{subsubsection.2.4.2.8}{\376\377\0002\000.\0004\000.\0002\000.\0008\000\040\000r\000e\000p\000c\000h\000a\000r}{subsection.2.4.2}% 17
\BOOKMARK [3][-]{subsubsection.2.4.2.9}{\376\377\0002\000.\0004\000.\0002\000.\0009\000\040\000w\000f\000r\000a\000c}{subsection.2.4.2}% 18
\BOOKMARK [3][-]{subsubsection.2.4.2.10}{\376\377\0002\000.\0004\000.\0002\000.\0001\0000\000\040\000w\000i\000n\000t}{subsection.2.4.2}% 19
\BOOKMARK [3][-]{subsubsection.2.4.2.11}{\376\377\0002\000.\0004\000.\0002\000.\0001\0001\000\040\000w\000i\000d\000t\000h}{subsection.2.4.2}% 20
\BOOKMARK [0][-]{section*.6}{\376\377\000I\000n\000d\000e\000x}{}% 21
